{"C:\\Users\\Paramdeep Singh\\Desktop\\Back_END_Project\\Movie_Journal_API\\movie-journal-api\\src\\app.ts": {"path":"C:\\Users\\Paramdeep Singh\\Desktop\\Back_END_Project\\Movie_Journal_API\\movie-journal-api\\src\\app.ts","statementMap":{"0":{"start":{"line":1,"column":0},"end":{"line":1,"column":62}},"1":{"start":{"line":2,"column":0},"end":{"line":2,"column":24}},"2":{"start":{"line":3,"column":0},"end":{"line":3,"column":28}},"3":{"start":{"line":4,"column":0},"end":{"line":4,"column":51}},"4":{"start":{"line":5,"column":0},"end":{"line":5,"column":45}},"5":{"start":{"line":7,"column":21},"end":{"line":7,"column":30}},"6":{"start":{"line":8,"column":0},"end":{"line":8,"column":24}},"7":{"start":{"line":9,"column":0},"end":{"line":9,"column":16}},"8":{"start":{"line":10,"column":0},"end":{"line":10,"column":18}},"9":{"start":{"line":11,"column":0},"end":{"line":11,"column":39}},"10":{"start":{"line":14,"column":0},"end":{"line":22,"column":3}},"11":{"start":{"line":15,"column":2},"end":{"line":21,"column":5}},"12":{"start":{"line":25,"column":0},"end":{"line":25,"column":39}},"13":{"start":{"line":28,"column":0},"end":{"line":38,"column":3}},"14":{"start":{"line":29,"column":2},"end":{"line":37,"column":5}},"15":{"start":{"line":40,"column":0},"end":{"line":40,"column":19}}},"fnMap":{"0":{"name":"(anonymous_1)","decl":{"start":{"line":14,"column":26},"end":{"line":14,"column":27}},"loc":{"start":{"line":14,"column":58},"end":{"line":22,"column":1}}},"1":{"name":"(anonymous_2)","decl":{"start":{"line":28,"column":19},"end":{"line":28,"column":20}},"loc":{"start":{"line":28,"column":51},"end":{"line":38,"column":1}}}},"branchMap":{},"s":{"0":1,"1":1,"2":1,"3":1,"4":1,"5":1,"6":1,"7":1,"8":1,"9":1,"10":1,"11":0,"12":1,"13":1,"14":0,"15":1},"f":{"0":0,"1":0},"b":{}}
,"C:\\Users\\Paramdeep Singh\\Desktop\\Back_END_Project\\Movie_Journal_API\\movie-journal-api\\src\\api\\routes\\movieRoutes.ts": {"path":"C:\\Users\\Paramdeep Singh\\Desktop\\Back_END_Project\\Movie_Journal_API\\movie-journal-api\\src\\api\\routes\\movieRoutes.ts","statementMap":{"0":{"start":{"line":1,"column":0},"end":{"line":1,"column":33}},"1":{"start":{"line":2,"column":0},"end":{"line":2,"column":null}},"2":{"start":{"line":10,"column":15},"end":{"line":10,"column":23}},"3":{"start":{"line":12,"column":0},"end":{"line":12,"column":30}},"4":{"start":{"line":13,"column":0},"end":{"line":13,"column":33}},"5":{"start":{"line":14,"column":0},"end":{"line":14,"column":30}},"6":{"start":{"line":15,"column":0},"end":{"line":15,"column":32}},"7":{"start":{"line":16,"column":0},"end":{"line":16,"column":35}},"8":{"start":{"line":18,"column":0},"end":{"line":18,"column":22}}},"fnMap":{},"branchMap":{},"s":{"0":1,"1":1,"2":1,"3":1,"4":1,"5":1,"6":1,"7":1,"8":1},"f":{},"b":{}}
,"C:\\Users\\Paramdeep Singh\\Desktop\\Back_END_Project\\Movie_Journal_API\\movie-journal-api\\src\\config\\swagger.ts": {"path":"C:\\Users\\Paramdeep Singh\\Desktop\\Back_END_Project\\Movie_Journal_API\\movie-journal-api\\src\\config\\swagger.ts","statementMap":{"0":{"start":{"line":1,"column":0},"end":{"line":1,"column":43}},"1":{"start":{"line":2,"column":0},"end":{"line":2,"column":30}},"2":{"start":{"line":4,"column":15},"end":{"line":4,"column":31}},"3":{"start":{"line":6,"column":24},"end":{"line":25,"column":2}},"4":{"start":{"line":27,"column":0},"end":{"line":27,"column":67}},"5":{"start":{"line":29,"column":0},"end":{"line":29,"column":22}}},"fnMap":{},"branchMap":{},"s":{"0":1,"1":1,"2":1,"3":1,"4":1,"5":1},"f":{},"b":{}}
,"C:\\Users\\Paramdeep Singh\\Desktop\\Back_END_Project\\Movie_Journal_API\\movie-journal-api\\src\\controllers\\movieController.ts": {"path":"C:\\Users\\Paramdeep Singh\\Desktop\\Back_END_Project\\Movie_Journal_API\\movie-journal-api\\src\\controllers\\movieController.ts","statementMap":{"0":{"start":{"line":2,"column":0},"end":{"line":2,"column":57}},"1":{"start":{"line":4,"column":28},"end":{"line":7,"column":2}},"2":{"start":{"line":4,"column":66},"end":{"line":7,"column":2}},"3":{"start":{"line":5,"column":17},"end":{"line":5,"column":50}},"4":{"start":{"line":6,"column":2},"end":{"line":6,"column":19}},"5":{"start":{"line":4,"column":13},"end":{"line":4,"column":28}},"6":{"start":{"line":9,"column":28},"end":{"line":13,"column":2}},"7":{"start":{"line":9,"column":66},"end":{"line":13,"column":2}},"8":{"start":{"line":10,"column":16},"end":{"line":10,"column":62}},"9":{"start":{"line":11,"column":2},"end":{"line":11,"column":74}},"10":{"start":{"line":11,"column":14},"end":{"line":11,"column":74}},"11":{"start":{"line":12,"column":2},"end":{"line":12,"column":18}},"12":{"start":{"line":9,"column":13},"end":{"line":9,"column":28}},"13":{"start":{"line":15,"column":27},"end":{"line":18,"column":2}},"14":{"start":{"line":15,"column":65},"end":{"line":18,"column":2}},"15":{"start":{"line":16,"column":19},"end":{"line":16,"column":59}},"16":{"start":{"line":17,"column":2},"end":{"line":17,"column":33}},"17":{"start":{"line":15,"column":13},"end":{"line":15,"column":27}},"18":{"start":{"line":20,"column":27},"end":{"line":23,"column":2}},"19":{"start":{"line":20,"column":65},"end":{"line":23,"column":2}},"20":{"start":{"line":21,"column":23},"end":{"line":21,"column":78}},"21":{"start":{"line":22,"column":2},"end":{"line":22,"column":25}},"22":{"start":{"line":20,"column":13},"end":{"line":20,"column":27}},"23":{"start":{"line":25,"column":27},"end":{"line":28,"column":2}},"24":{"start":{"line":25,"column":65},"end":{"line":28,"column":2}},"25":{"start":{"line":26,"column":2},"end":{"line":26,"column":48}},"26":{"start":{"line":27,"column":2},"end":{"line":27,"column":25}},"27":{"start":{"line":25,"column":13},"end":{"line":25,"column":27}}},"fnMap":{"0":{"name":"(anonymous_16)","decl":{"start":{"line":4,"column":28},"end":{"line":4,"column":35}},"loc":{"start":{"line":4,"column":66},"end":{"line":7,"column":2}}},"1":{"name":"(anonymous_17)","decl":{"start":{"line":4,"column":66},"end":{"line":4,"column":null}},"loc":{"start":{"line":4,"column":66},"end":{"line":7,"column":1}}},"2":{"name":"(anonymous_18)","decl":{"start":{"line":9,"column":28},"end":{"line":9,"column":35}},"loc":{"start":{"line":9,"column":66},"end":{"line":13,"column":2}}},"3":{"name":"(anonymous_19)","decl":{"start":{"line":9,"column":66},"end":{"line":9,"column":null}},"loc":{"start":{"line":9,"column":66},"end":{"line":13,"column":1}}},"4":{"name":"(anonymous_20)","decl":{"start":{"line":15,"column":27},"end":{"line":15,"column":34}},"loc":{"start":{"line":15,"column":65},"end":{"line":18,"column":2}}},"5":{"name":"(anonymous_21)","decl":{"start":{"line":15,"column":65},"end":{"line":15,"column":null}},"loc":{"start":{"line":15,"column":65},"end":{"line":18,"column":1}}},"6":{"name":"(anonymous_22)","decl":{"start":{"line":20,"column":27},"end":{"line":20,"column":34}},"loc":{"start":{"line":20,"column":65},"end":{"line":23,"column":2}}},"7":{"name":"(anonymous_23)","decl":{"start":{"line":20,"column":65},"end":{"line":20,"column":null}},"loc":{"start":{"line":20,"column":65},"end":{"line":23,"column":1}}},"8":{"name":"(anonymous_24)","decl":{"start":{"line":25,"column":27},"end":{"line":25,"column":34}},"loc":{"start":{"line":25,"column":65},"end":{"line":28,"column":2}}},"9":{"name":"(anonymous_25)","decl":{"start":{"line":25,"column":65},"end":{"line":25,"column":null}},"loc":{"start":{"line":25,"column":65},"end":{"line":28,"column":1}}}},"branchMap":{"0":{"loc":{"start":{"line":11,"column":2},"end":{"line":11,"column":74}},"type":"if","locations":[{"start":{"line":11,"column":2},"end":{"line":11,"column":74}},{"start":{},"end":{}}]}},"s":{"0":1,"1":1,"2":1,"3":1,"4":1,"5":1,"6":1,"7":0,"8":0,"9":0,"10":0,"11":0,"12":1,"13":1,"14":1,"15":1,"16":1,"17":1,"18":1,"19":0,"20":0,"21":0,"22":1,"23":1,"24":0,"25":0,"26":0,"27":1},"f":{"0":1,"1":1,"2":0,"3":0,"4":1,"5":1,"6":0,"7":0,"8":0,"9":0},"b":{"0":[0,0]}}
,"C:\\Users\\Paramdeep Singh\\Desktop\\Back_END_Project\\Movie_Journal_API\\movie-journal-api\\src\\repositories\\movieRepository.ts": {"path":"C:\\Users\\Paramdeep Singh\\Desktop\\Back_END_Project\\Movie_Journal_API\\movie-journal-api\\src\\repositories\\movieRepository.ts","statementMap":{"0":{"start":{"line":3,"column":22},"end":{"line":5,"column":2}},"1":{"start":{"line":7,"column":28},"end":{"line":7,"column":40}},"2":{"start":{"line":7,"column":34},"end":{"line":7,"column":40}},"3":{"start":{"line":7,"column":13},"end":{"line":7,"column":28}},"4":{"start":{"line":8,"column":28},"end":{"line":9,"column":41}},"5":{"start":{"line":9,"column":2},"end":{"line":9,"column":41}},"6":{"start":{"line":9,"column":25},"end":{"line":9,"column":40}},"7":{"start":{"line":8,"column":13},"end":{"line":8,"column":28}},"8":{"start":{"line":10,"column":27},"end":{"line":14,"column":1}},"9":{"start":{"line":11,"column":16},"end":{"line":11,"column":67}},"10":{"start":{"line":12,"column":2},"end":{"line":12,"column":24}},"11":{"start":{"line":13,"column":2},"end":{"line":13,"column":18}},"12":{"start":{"line":10,"column":13},"end":{"line":10,"column":27}},"13":{"start":{"line":15,"column":27},"end":{"line":20,"column":1}},"14":{"start":{"line":16,"column":16},"end":{"line":16,"column":52}},"15":{"start":{"line":16,"column":40},"end":{"line":16,"column":51}},"16":{"start":{"line":17,"column":2},"end":{"line":17,"column":32}},"17":{"start":{"line":17,"column":20},"end":{"line":17,"column":32}},"18":{"start":{"line":18,"column":2},"end":{"line":18,"column":49}},"19":{"start":{"line":19,"column":2},"end":{"line":19,"column":23}},"20":{"start":{"line":15,"column":13},"end":{"line":15,"column":27}},"21":{"start":{"line":21,"column":27},"end":{"line":23,"column":1}},"22":{"start":{"line":22,"column":2},"end":{"line":22,"column":45}},"23":{"start":{"line":22,"column":32},"end":{"line":22,"column":43}},"24":{"start":{"line":21,"column":13},"end":{"line":21,"column":27}}},"fnMap":{"0":{"name":"(anonymous_0)","decl":{"start":{"line":7,"column":28},"end":{"line":7,"column":31}},"loc":{"start":{"line":7,"column":34},"end":{"line":7,"column":40}}},"1":{"name":"(anonymous_1)","decl":{"start":{"line":8,"column":28},"end":{"line":8,"column":29}},"loc":{"start":{"line":9,"column":2},"end":{"line":9,"column":41}}},"2":{"name":"(anonymous_2)","decl":{"start":{"line":9,"column":14},"end":{"line":9,"column":15}},"loc":{"start":{"line":9,"column":25},"end":{"line":9,"column":40}}},"3":{"name":"(anonymous_3)","decl":{"start":{"line":10,"column":27},"end":{"line":10,"column":28}},"loc":{"start":{"line":10,"column":44},"end":{"line":14,"column":1}}},"4":{"name":"(anonymous_4)","decl":{"start":{"line":15,"column":27},"end":{"line":15,"column":28}},"loc":{"start":{"line":15,"column":65},"end":{"line":20,"column":1}}},"5":{"name":"(anonymous_5)","decl":{"start":{"line":16,"column":33},"end":{"line":16,"column":34}},"loc":{"start":{"line":16,"column":40},"end":{"line":16,"column":51}}},"6":{"name":"(anonymous_6)","decl":{"start":{"line":21,"column":27},"end":{"line":21,"column":28}},"loc":{"start":{"line":21,"column":42},"end":{"line":23,"column":1}}},"7":{"name":"(anonymous_7)","decl":{"start":{"line":22,"column":25},"end":{"line":22,"column":26}},"loc":{"start":{"line":22,"column":32},"end":{"line":22,"column":43}}}},"branchMap":{"0":{"loc":{"start":{"line":17,"column":2},"end":{"line":17,"column":32}},"type":"if","locations":[{"start":{"line":17,"column":2},"end":{"line":17,"column":32}},{"start":{},"end":{}}]}},"s":{"0":1,"1":1,"2":1,"3":1,"4":1,"5":0,"6":0,"7":1,"8":1,"9":1,"10":1,"11":1,"12":1,"13":1,"14":0,"15":0,"16":0,"17":0,"18":0,"19":0,"20":1,"21":1,"22":0,"23":0,"24":1},"f":{"0":1,"1":0,"2":0,"3":1,"4":0,"5":0,"6":0,"7":0},"b":{"0":[0,0]}}
,"C:\\Users\\Paramdeep Singh\\Desktop\\Back_END_Project\\Movie_Journal_API\\movie-journal-api\\src\\services\\movieService.ts": {"path":"C:\\Users\\Paramdeep Singh\\Desktop\\Back_END_Project\\Movie_Journal_API\\movie-journal-api\\src\\services\\movieService.ts","statementMap":{"0":{"start":{"line":1,"column":0},"end":{"line":1,"column":67}},"1":{"start":{"line":4,"column":28},"end":{"line":4,"column":64}},"2":{"start":{"line":4,"column":34},"end":{"line":4,"column":64}},"3":{"start":{"line":4,"column":13},"end":{"line":4,"column":28}},"4":{"start":{"line":5,"column":28},"end":{"line":5,"column":76}},"5":{"start":{"line":5,"column":44},"end":{"line":5,"column":76}},"6":{"start":{"line":5,"column":13},"end":{"line":5,"column":28}},"7":{"start":{"line":6,"column":27},"end":{"line":6,"column":79}},"8":{"start":{"line":6,"column":45},"end":{"line":6,"column":79}},"9":{"start":{"line":6,"column":13},"end":{"line":6,"column":27}},"10":{"start":{"line":7,"column":27},"end":{"line":8,"column":40}},"11":{"start":{"line":8,"column":2},"end":{"line":8,"column":40}},"12":{"start":{"line":7,"column":13},"end":{"line":7,"column":27}},"13":{"start":{"line":9,"column":27},"end":{"line":9,"column":74}},"14":{"start":{"line":9,"column":43},"end":{"line":9,"column":74}},"15":{"start":{"line":9,"column":13},"end":{"line":9,"column":27}}},"fnMap":{"0":{"name":"(anonymous_9)","decl":{"start":{"line":4,"column":28},"end":{"line":4,"column":31}},"loc":{"start":{"line":4,"column":34},"end":{"line":4,"column":64}}},"1":{"name":"(anonymous_10)","decl":{"start":{"line":5,"column":28},"end":{"line":5,"column":29}},"loc":{"start":{"line":5,"column":44},"end":{"line":5,"column":76}}},"2":{"name":"(anonymous_11)","decl":{"start":{"line":6,"column":27},"end":{"line":6,"column":28}},"loc":{"start":{"line":6,"column":45},"end":{"line":6,"column":79}}},"3":{"name":"(anonymous_12)","decl":{"start":{"line":7,"column":27},"end":{"line":7,"column":28}},"loc":{"start":{"line":8,"column":2},"end":{"line":8,"column":40}}},"4":{"name":"(anonymous_13)","decl":{"start":{"line":9,"column":27},"end":{"line":9,"column":28}},"loc":{"start":{"line":9,"column":43},"end":{"line":9,"column":74}}}},"branchMap":{},"s":{"0":1,"1":1,"2":1,"3":1,"4":1,"5":0,"6":1,"7":1,"8":1,"9":1,"10":1,"11":0,"12":1,"13":1,"14":0,"15":1},"f":{"0":1,"1":0,"2":1,"3":0,"4":0},"b":{}}
}
